TN:
SF:/Library/Developer/CommandLineTools/SDKs/MacOSX.sdk/usr/include/math.h
FN:199,200,__inline_isinff
FN:202,203,__inline_isinfd
FN:205,206,__inline_isinfl
FN:208,209,__inline_isnanf
FN:211,212,__inline_isnand
FN:214,215,__inline_isnanl
FNDA:6,__inline_isinff
FNDA:0,__inline_isinfd
FNDA:0,__inline_isinfl
FNDA:6,__inline_isnanf
FNDA:0,__inline_isnand
FNDA:0,__inline_isnanl
FNF:6
FNH:2
DA:199,6
DA:200,6
DA:202,0
DA:203,0
DA:205,0
DA:206,0
DA:208,6
DA:209,6
DA:211,0
DA:212,0
DA:214,0
DA:215,0
LF:12
LH:4
end_of_record
TN:
SF:/Users/andro/Desktop/Code/school42/main_education/decimal/C5_s21_decimal-2/src/arithmetic/s21_add.c
FN:3,38,s21_add
FNDA:12,s21_add
FNF:1
FNH:1
DA:3,12
DA:4,12
DA:5,12
DA:6,12
DA:7,12
DA:8,12
DA:9,12
DA:10,12
DA:12,12
DA:14,12
DA:15,12
DA:16,7
DA:17,7
DA:18,5
DA:19,1
DA:20,5
DA:21,4
DA:24,12
DA:25,12
DA:26,12
DA:28,12
DA:29,12
DA:30,0
DA:33,12
DA:34,3
DA:35,3
DA:36,3
DA:38,12
LF:28
LH:27
end_of_record
TN:
SF:/Users/andro/Desktop/Code/school42/main_education/decimal/C5_s21_decimal-2/src/arithmetic/s21_div.c
FN:3,53,s21_div
FN:55,72,s21_add_remainder
FN:75,88,s21_del_mantiss
FNDA:18,s21_div
FNDA:6,s21_add_remainder
FNDA:246,s21_del_mantiss
FNF:3
FNH:3
DA:3,18
DA:8,18
DA:9,18
DA:10,18
DA:11,18
DA:12,18
DA:14,17
DA:15,17
DA:16,17
DA:17,17
DA:19,17
DA:20,17
DA:22,17
DA:24,17
DA:26,17
DA:27,17
DA:29,17
DA:31,17
DA:32,6
DA:34,17
DA:36,17
DA:37,17
DA:38,17
DA:40,17
DA:42,17
DA:43,17
DA:44,0
DA:47,17
DA:48,3
DA:49,3
DA:50,3
DA:52,17
DA:53,18
DA:55,6
DA:57,6
DA:59,241
DA:60,233
DA:62,229
DA:63,229
DA:64,229
DA:65,229
DA:66,229
DA:67,229
DA:70,6
DA:72,6
DA:75,246
DA:78,246
DA:79,71094
DA:80,70848
DA:81,70848
DA:82,70848
DA:83,716
DA:84,716
DA:85,716
DA:86,70848
DA:88,246
LF:56
LH:55
end_of_record
TN:
SF:/Users/andro/Desktop/Code/school42/main_education/decimal/C5_s21_decimal-2/src/arithmetic/s21_mul.c
FN:3,45,s21_mul
FNDA:20,s21_mul
FNF:1
FNH:1
DA:3,20
DA:4,20
DA:5,20
DA:6,20
DA:7,20
DA:9,20
DA:10,20
DA:11,20
DA:13,20
DA:14,20
DA:15,20
DA:17,5780
DA:18,5760
DA:19,5760
DA:20,588
DA:21,588
DA:22,588
DA:23,588
DA:24,5760
DA:26,20
DA:28,20
DA:30,20
DA:31,10
DA:33,10
DA:35,20
DA:36,20
DA:37,0
DA:40,20
DA:41,3
DA:42,3
DA:43,3
DA:45,20
LF:32
LH:31
end_of_record
TN:
SF:/Users/andro/Desktop/Code/school42/main_education/decimal/C5_s21_decimal-2/src/arithmetic/s21_sub.c
FN:4,41,s21_sub
FNDA:15,s21_sub
FNF:1
FNH:1
DA:4,15
DA:5,15
DA:7,15
DA:8,15
DA:9,15
DA:11,15
DA:12,15
DA:13,15
DA:15,15
DA:17,15
DA:18,5
DA:19,5
DA:20,5
DA:21,5
DA:22,15
DA:23,10
DA:24,10
DA:25,10
DA:27,15
DA:29,15
DA:31,15
DA:32,15
DA:33,0
DA:36,15
DA:37,5
DA:38,5
DA:39,5
DA:41,15
LF:28
LH:27
end_of_record
TN:
SF:/Users/andro/Desktop/Code/school42/main_education/decimal/C5_s21_decimal-2/src/common_function/big_decimal_staff.c
FN:103,118,s21_big_set_bit
FN:120,158,s21_big_simple_sub
FN:160,169,s21_big_zaem
FN:171,180,s21_big_search_the_biggest
FN:18,35,s21_normalize_bigs
FN:183,232,s21_big_convert_to_decimal
FN:235,244,s21_check_is_greater_max
FN:247,269,s21_big_div_10
FN:272,275,s21_big_simple_is_greater_or_equel
FN:278,298,s21_big_simple_is_greater
FN:301,309,s21_big_is_equal
FN:312,316,s21_make_big_mantiss_zero
FN:318,324,s21_big_get_bit
FN:327,336,s21_big_is_zero_mantissa
FN:38,47,s21_big_mult_ten
FN:5,15,s21_convert_to_big_decimal
FN:50,63,s21_big_to_left_shift
FN:66,99,s21_big_simple_add
FNDA:43029862,s21_big_set_bit
FNDA:10961,s21_big_simple_sub
FNDA:8156,s21_big_zaem
FNDA:198,s21_big_search_the_biggest
FNDA:139,s21_normalize_bigs
FNDA:64,s21_big_convert_to_decimal
FNDA:64,s21_check_is_greater_max
FNDA:134,s21_big_div_10
FNDA:109455,s21_big_simple_is_greater_or_equel
FNDA:132211,s21_big_simple_is_greater
FNDA:120049,s21_big_is_equal
FNDA:13722,s21_make_big_mantiss_zero
FNDA:231627489,s21_big_get_bit
FNDA:252,s21_big_is_zero_mantissa
FNDA:896,s21_big_mult_ten
FNDA:44788,s21_convert_to_big_decimal
FNDA:111820,s21_big_to_left_shift
FNDA:1731,s21_big_simple_add
FNF:18
FNH:18
DA:5,44788
DA:6,44788
DA:7,44788
DA:8,44788
DA:9,44788
DA:10,44788
DA:11,44788
DA:12,61
DA:14,44727
DA:15,44788
DA:18,139
DA:20,139
DA:21,139
DA:22,0
DA:24,577
DA:25,438
DA:26,438
DA:27,27
DA:28,27
DA:29,438
DA:30,411
DA:31,411
DA:32,411
DA:35,139
DA:38,896
DA:39,896
DA:40,896
DA:41,896
DA:42,896
DA:43,896
DA:44,896
DA:45,896
DA:47,896
DA:50,111820
DA:52,111820
DA:54,249048
DA:55,39658892
DA:56,39521664
DA:57,39521664
DA:58,39521664
DA:59,39521664
DA:62,137228
DA:63,111820
DA:66,1731
DA:68,1731
DA:69,1731
DA:71,500259
DA:72,498528
DA:73,498528
DA:74,498528
DA:76,498528
DA:78,65836
DA:79,65836
DA:81,34397
DA:82,34397
DA:83,34397
DA:85,42337
DA:86,42337
DA:87,42337
DA:89,355958
DA:90,355958
DA:93,498528
DA:94,498528
DA:95,1731
DA:97,1731
DA:99,1731
DA:103,43029862
DA:106,43029862
DA:107,43029862
DA:108,43029862
DA:109,43029862
DA:110,43029862
DA:111,1365872
DA:112,295146
DA:113,43029862
DA:115,140568
DA:116,140568
DA:117,43029862
DA:118,43029862
DA:120,10961
DA:122,10961
DA:124,10961
DA:126,9962
DA:127,9962
DA:129,9962
DA:131,9958
DA:132,9958
DA:133,9958
DA:134,9958
DA:135,4
DA:136,4
DA:137,4
DA:140,9962
DA:142,2879018
DA:143,2869056
DA:144,2869056
DA:146,2869056
DA:147,2869056
DA:148,8156
DA:149,8156
DA:150,8156
DA:151,2869056
DA:152,2869056
DA:154,9962
DA:156,9962
DA:157,9962
DA:158,10961
DA:160,8156
DA:161,20228
DA:162,20228
DA:163,8156
DA:164,8156
DA:166,12072
DA:168,12072
DA:169,8156
DA:171,198
DA:172,198
DA:174,33963
DA:175,33958
DA:176,193
DA:177,193
DA:179,33765
DA:180,198
DA:183,64
DA:184,64
DA:185,64
DA:186,64
DA:188,64
DA:189,64
DA:190,64
DA:191,64
DA:193,64
DA:195,64
DA:196,184
DA:197,134
DA:198,0
DA:199,0
DA:201,134
DA:202,52
DA:203,52
DA:204,52
DA:205,82
DA:207,134
DA:208,134
DA:209,134
DA:212,50
DA:213,50
DA:214,50
DA:216,50
DA:218,50
DA:219,50
DA:220,1
DA:221,1
DA:222,50
DA:223,5
DA:225,50
DA:226,50
DA:228,64
DA:230,64
DA:232,64
DA:235,64
DA:236,64
DA:237,64
DA:238,64
DA:239,64
DA:240,64
DA:241,64
DA:242,64
DA:243,64
DA:244,64
DA:247,134
DA:248,134
DA:249,134
DA:251,134
DA:252,134
DA:253,134
DA:254,134
DA:256,134
DA:257,134
DA:259,38726
DA:260,38592
DA:261,38592
DA:262,38592
DA:263,10230
DA:264,10230
DA:265,10230
DA:266,38592
DA:267,134
DA:268,134
DA:269,134
DA:272,109455
DA:274,109455
DA:275,99503
DA:278,132211
DA:280,132211
DA:281,37272845
DA:282,37271378
DA:283,37271378
DA:284,37271378
DA:285,24438
DA:286,0
DA:288,24438
DA:289,24438
DA:290,37246940
DA:291,106306
DA:292,0
DA:294,106306
DA:295,106306
DA:297,37140634
DA:298,132211
DA:301,120049
DA:302,120049
DA:303,33816651
DA:304,33814326
DA:305,117724
DA:306,117724
DA:308,33696602
DA:309,120049
DA:312,13722
DA:313,137220
DA:314,123498
DA:315,123498
DA:316,13722
DA:318,231627489
DA:321,231627489
DA:322,231627489
DA:323,231627489
DA:324,231627489
DA:327,252
DA:328,252
DA:330,369
DA:331,356
DA:332,239
DA:333,239
DA:335,117
DA:336,252
LF:236
LH:231
end_of_record
TN:
SF:/Users/andro/Desktop/Code/school42/main_education/decimal/C5_s21_decimal-2/src/common_function/bits_operations.c
FN:17,30,s21_set_bit
FN:3,13,s21_get_bit
FN:32,33,s21_get_signed
FN:36,38,s21_set_signed
FN:40,57,s21_to_left_shift
FN:60,74,s21_to_right_shift
FN:76,80,s21_get_rounded
FNDA:18493313,s21_set_bit
FNDA:44874029,s21_get_bit
FNDA:138740,s21_get_signed
FNDA:3777,s21_set_signed
FNDA:34799,s21_to_left_shift
FNDA:25391,s21_to_right_shift
FNDA:4,s21_get_rounded
FNF:7
FNH:7
DA:3,44874029
DA:5,44874029
DA:6,44874029
DA:7,44874029
DA:8,44874029
DA:11,44874029
DA:12,0
DA:13,44874029
DA:17,18493313
DA:19,18493313
DA:20,18493313
DA:21,18493313
DA:22,18493313
DA:23,1806960
DA:24,1099477
DA:25,18493313
DA:27,815616
DA:28,815616
DA:29,18493313
DA:30,18493313
DA:32,138740
DA:33,138740
DA:36,3777
DA:37,3777
DA:38,3777
DA:40,34799
DA:42,34799
DA:43,34799
DA:44,34799
DA:45,120380
DA:46,8386938
DA:47,8301357
DA:48,8301357
DA:49,8301357
DA:50,8301357
DA:51,85581
DA:52,85581
DA:53,0
DA:54,0
DA:56,85581
DA:57,34799
DA:60,25391
DA:62,25391
DA:63,25391
DA:64,25391
DA:65,25391
DA:66,76173
DA:67,4925854
DA:68,4875072
DA:69,4875072
DA:70,4875072
DA:71,4875072
DA:72,50782
DA:73,25391
DA:74,25391
DA:76,4
DA:77,4
DA:78,4
DA:79,4
DA:80,4
LF:60
LH:57
end_of_record
TN:
SF:/Users/andro/Desktop/Code/school42/main_education/decimal/C5_s21_decimal-2/src/common_function/error.c
FN:12,20,s21_check_bit3
FN:3,9,s21_check
FNDA:127234,s21_check_bit3
FNDA:63619,s21_check
FNF:2
FNH:2
DA:3,63619
DA:4,63619
DA:5,63619
DA:6,63613
DA:7,9
DA:8,9
DA:9,63619
DA:12,127234
DA:13,127234
DA:14,1590365
DA:15,1463137
DA:16,6
DA:17,6
DA:19,1463131
DA:20,127234
LF:15
LH:15
end_of_record
TN:
SF:/Users/andro/Desktop/Code/school42/main_education/decimal/C5_s21_decimal-2/src/common_function/scale_operations.c
FN:22,27,s21_set_scale
FN:3,19,s21_get_scale
FNDA:250,s21_set_scale
FNDA:108693,s21_get_scale
FNF:2
FNH:2
DA:3,108693
DA:4,108693
DA:5,108693
DA:7,978237
DA:8,869544
DA:9,869544
DA:10,636
DA:11,869544
DA:12,0
DA:14,868908
DA:15,636
DA:16,108693
DA:17,3
DA:18,3
DA:19,108693
DA:22,250
DA:23,250
DA:24,250
DA:25,250
DA:26,250
DA:27,250
LF:21
LH:20
end_of_record
TN:
SF:/Users/andro/Desktop/Code/school42/main_education/decimal/C5_s21_decimal-2/src/common_function/simple_logic_finc.c
FN:120,129,s21_zaem
FN:17,21,s21_make_mantiss_zero
FN:24,27,s21_is_zero_mantiss
FN:30,45,s21_div_10
FN:4,14,s21_mult_10
FN:49,84,s21_simple_add
FN:87,118,s21_simple_sub
FNDA:1044,s21_zaem
FNDA:27332,s21_make_mantiss_zero
FNDA:34809,s21_is_zero_mantiss
FNDA:98,s21_div_10
FNDA:25391,s21_mult_10
FNDA:53688,s21_simple_add
FNDA:1656,s21_simple_sub
FNF:7
FNH:7
DA:4,25391
DA:5,25391
DA:6,25391
DA:7,25391
DA:9,25391
DA:10,25391
DA:11,25391
DA:12,25391
DA:14,25391
DA:17,27332
DA:18,27332
DA:19,27332
DA:20,27332
DA:21,27332
DA:24,34809
DA:25,34809
DA:26,34809
DA:27,34809
DA:30,98
DA:31,98
DA:32,98
DA:33,98
DA:34,98
DA:35,98
DA:36,9506
DA:37,9408
DA:38,9408
DA:39,9408
DA:40,9408
DA:41,1656
DA:42,1656
DA:43,1656
DA:44,9408
DA:45,98
DA:49,53688
DA:51,53688
DA:52,53688
DA:53,53688
DA:55,5207736
DA:56,5154048
DA:57,5154048
DA:58,5154048
DA:60,5154048
DA:62,181104
DA:63,181104
DA:64,181104
DA:66,61949
DA:67,61949
DA:68,61949
DA:70,4910995
DA:71,4910995
DA:73,5154048
DA:74,5154048
DA:76,53688
DA:79,0
DA:80,0
DA:82,53688
DA:84,53688
DA:87,1656
DA:89,1656
DA:90,1656
DA:92,1656
DA:94,1656
DA:95,1656
DA:97,1656
DA:99,1503
DA:101,145791
DA:102,144288
DA:103,144288
DA:105,144288
DA:107,144288
DA:108,1044
DA:109,1044
DA:110,1044
DA:111,1044
DA:112,144288
DA:113,144288
DA:115,1503
DA:117,1503
DA:118,1656
DA:120,1044
DA:121,2662
DA:122,2662
DA:123,1044
DA:124,1044
DA:126,1618
DA:128,1618
DA:129,1044
LF:88
LH:86
end_of_record
TN:
SF:/Users/andro/Desktop/Code/school42/main_education/decimal/C5_s21_decimal-2/src/common_function/str_decimal_convertor.c
FN:108,113,s21_set_point
FN:115,127,s21_delete_extra_zeros
FN:3,35,s21_from_str_to_decimal
FN:37,48,s21_add_digit_to_decimal
FN:52,71,s21_from_decimal_to_str
FN:73,77,s21_set_zero
FN:79,91,s21_add_to_the_term
FN:93,106,s21_sum_string
FNDA:25,s21_set_point
FNDA:126,s21_delete_extra_zeros
FNDA:299,s21_from_str_to_decimal
FNDA:2891,s21_add_digit_to_decimal
FNDA:126,s21_from_decimal_to_str
FNDA:252,s21_set_zero
FNDA:1923,s21_add_to_the_term
FNDA:1923,s21_sum_string
FNF:8
FNH:8
DA:3,299
DA:5,299
DA:7,299
DA:9,0
DA:10,299
DA:11,95
DA:12,95
DA:13,95
DA:14,299
DA:15,299
DA:16,299
DA:17,299
DA:19,3190
DA:20,2891
DA:21,0
DA:22,2891
DA:23,121
DA:24,121
DA:25,121
DA:26,121
DA:27,121
DA:28,2891
DA:29,2891
DA:30,2891
DA:33,299
DA:34,299
DA:35,299
DA:37,2891
DA:38,2891
DA:39,2891
DA:40,2891
DA:42,28282
DA:44,2891
DA:45,2891
DA:46,0
DA:47,0
DA:48,2891
DA:52,126
DA:54,126
DA:56,126
DA:57,126
DA:58,126
DA:59,126
DA:61,12222
DA:62,12096
DA:63,1923
DA:64,1923
DA:65,1923
DA:66,12096
DA:67,126
DA:68,126
DA:69,126
DA:70,126
DA:71,126
DA:73,252
DA:74,252
DA:75,8064
DA:76,252
DA:77,252
DA:79,1923
DA:83,1923
DA:85,61536
DA:86,59613
DA:87,21501
DA:89,38112
DA:90,59613
DA:91,1923
DA:93,1923
DA:96,1923
DA:97,1923
DA:98,61536
DA:99,59613
DA:100,59613
DA:101,59613
DA:102,59613
DA:104,1923
DA:105,0
DA:106,1923
DA:108,25
DA:109,25
DA:110,25
DA:111,552
DA:112,25
DA:113,25
DA:115,126
DA:116,126
DA:117,126
DA:118,2880
DA:119,2880
DA:120,2784
DA:121,2754
DA:123,126
DA:124,2754
DA:125,2754
DA:126,126
DA:127,126
LF:96
LH:91
end_of_record
TN:
SF:/Users/andro/Desktop/Code/school42/main_education/decimal/C5_s21_decimal-2/src/comparison/equal.c
FN:4,18,s21_is_equal
FNDA:9595,s21_is_equal
FNF:1
FNH:1
DA:4,9595
DA:5,9595
DA:6,9595
DA:7,9595
DA:8,10
DA:10,9585
DA:11,9585
DA:12,9585
DA:13,16
DA:14,9585
DA:15,9585
DA:17,9595
DA:18,9595
LF:13
LH:13
end_of_record
TN:
SF:/Users/andro/Desktop/Code/school42/main_education/decimal/C5_s21_decimal-2/src/comparison/greater.c
FN:3,20,s21_is_greater
FNDA:12738,s21_is_greater
FNF:1
FNH:1
DA:3,12738
DA:4,12738
DA:5,12738
DA:6,12733
DA:7,12733
DA:8,1
DA:9,12733
DA:10,2
DA:11,2
DA:12,12730
DA:13,12730
DA:14,12730
DA:15,6
DA:16,12730
DA:18,12733
DA:19,12733
DA:20,12738
LF:17
LH:17
end_of_record
TN:
SF:/Users/andro/Desktop/Code/school42/main_education/decimal/C5_s21_decimal-2/src/comparison/greater_or_equal.c
FN:3,9,s21_is_greater_or_equal
FNDA:9417,s21_is_greater_or_equal
FNF:1
FNH:1
DA:3,9417
DA:4,9417
DA:5,9417
DA:6,9417
DA:7,1663
DA:8,9417
DA:9,9417
LF:7
LH:7
end_of_record
TN:
SF:/Users/andro/Desktop/Code/school42/main_education/decimal/C5_s21_decimal-2/src/comparison/less.c
FN:3,19,s21_is_less
FNDA:18,s21_is_less
FNF:1
FNH:1
DA:3,18
DA:4,18
DA:5,18
DA:6,19
DA:7,3
DA:8,1
DA:9,18
DA:10,2
DA:11,2
DA:12,15
DA:13,15
DA:14,15
DA:15,9
DA:16,15
DA:18,18
DA:19,18
LF:16
LH:16
end_of_record
TN:
SF:/Users/andro/Desktop/Code/school42/main_education/decimal/C5_s21_decimal-2/src/comparison/less_or_equal.c
FN:3,9,s21_is_less_or_equal
FNDA:9,s21_is_less_or_equal
FNF:1
FNH:1
DA:3,9
DA:4,9
DA:5,9
DA:6,9
DA:7,7
DA:8,9
DA:9,9
LF:7
LH:7
end_of_record
TN:
SF:/Users/andro/Desktop/Code/school42/main_education/decimal/C5_s21_decimal-2/src/comparison/not_equal.c
FN:3,8,s21_is_not_equal
FNDA:10,s21_is_not_equal
FNF:1
FNH:1
DA:3,10
DA:4,10
DA:5,10
DA:6,10
DA:7,10
DA:8,10
LF:6
LH:6
end_of_record
TN:
SF:/Users/andro/Desktop/Code/school42/main_education/decimal/C5_s21_decimal-2/src/convertation/from_decimal_to_float.c
FN:3,34,s21_from_decimal_to_float
FNDA:5,s21_from_decimal_to_float
FNF:1
FNH:1
DA:3,5
DA:4,5
DA:5,5
DA:6,5
DA:7,0
DA:8,5
DA:9,1
DA:10,1
DA:11,4
DA:12,388
DA:13,384
DA:14,53
DA:15,53
DA:16,384
DA:17,4
DA:18,2
DA:19,2
DA:21,4
DA:22,2
DA:23,2
DA:24,2
DA:26,4
DA:27,0
DA:28,0
DA:29,0
DA:31,4
DA:34,5
LF:27
LH:23
end_of_record
TN:
SF:/Users/andro/Desktop/Code/school42/main_education/decimal/C5_s21_decimal-2/src/convertation/from_decimal_to_int.c
FN:3,33,s21_from_decimal_to_int
FNDA:7,s21_from_decimal_to_int
FNF:1
FNH:1
DA:3,7
DA:4,7
DA:5,7
DA:6,7
DA:7,7
DA:8,7
DA:9,679
DA:10,672
DA:11,39
DA:12,39
DA:13,672
DA:14,7
DA:15,3
DA:16,0
DA:17,0
DA:18,0
DA:19,3
DA:20,3
DA:21,7
DA:22,2
DA:23,2
DA:24,2
DA:25,7
DA:26,2
DA:27,2
DA:28,2
DA:29,7
DA:30,7
DA:31,0
DA:33,7
LF:30
LH:26
end_of_record
TN:
SF:/Users/andro/Desktop/Code/school42/main_education/decimal/C5_s21_decimal-2/src/convertation/from_float_to_decimal.c
FN:16,25,s21_edit_str
FN:27,52,s21_from_float_to_decimal
FN:3,14,s21_float_round
FNDA:6,s21_edit_str
FNDA:6,s21_from_float_to_decimal
FNDA:6,s21_float_round
FNF:3
FNH:3
DA:3,6
DA:4,6
DA:5,3
DA:6,3
DA:7,0
DA:8,0
DA:9,3
DA:10,3
DA:12,0
DA:13,3
DA:14,6
DA:16,6
DA:17,82
DA:18,76
DA:19,76
DA:20,6
DA:21,76
DA:22,28
DA:23,28
DA:24,76
DA:25,6
DA:27,6
DA:28,6
DA:29,6
DA:30,6
DA:31,6
DA:32,6
DA:33,6
DA:34,0
DA:35,0
DA:36,6
DA:37,6
DA:38,6
DA:39,6
DA:40,2
DA:41,2
DA:42,2
DA:43,6
DA:44,6
DA:45,6
DA:46,6
DA:48,6
DA:49,0
DA:52,6
LF:44
LH:38
end_of_record
TN:
SF:/Users/andro/Desktop/Code/school42/main_education/decimal/C5_s21_decimal-2/src/convertation/from_int_to_decimal.c
FN:3,27,s21_from_int_to_decimal
FNDA:9,s21_from_int_to_decimal
FNF:1
FNH:1
DA:3,9
DA:4,9
DA:5,9
DA:6,9
DA:7,9
DA:8,9
DA:9,9
DA:10,8
DA:11,3
DA:12,3
DA:13,3
DA:14,8
DA:15,9
DA:20,1
DA:22,1
DA:23,1
DA:24,0
DA:25,9
DA:26,0
DA:27,9
LF:20
LH:18
end_of_record
TN:
SF:/Users/andro/Desktop/Code/school42/main_education/decimal/C5_s21_decimal-2/src/other/s21_floor.c
FN:3,22,s21_floor
FNDA:15,s21_floor
FNF:1
FNH:1
DA:3,15
DA:4,15
DA:5,15
DA:6,15
DA:8,33
DA:9,22
DA:10,22
DA:11,22
DA:14,11
DA:15,4
DA:16,4
DA:17,4
DA:19,11
DA:21,11
DA:22,15
LF:15
LH:15
end_of_record
TN:
SF:/Users/andro/Desktop/Code/school42/main_education/decimal/C5_s21_decimal-2/src/other/s21_negate.c
FN:3,15,s21_negate
FNDA:7,s21_negate
FNF:1
FNH:1
DA:3,7
DA:4,7
DA:6,4
DA:7,4
DA:8,4
DA:9,4
DA:11,4
DA:12,3
DA:14,4
DA:15,7
LF:10
LH:10
end_of_record
TN:
SF:/Users/andro/Desktop/Code/school42/main_education/decimal/C5_s21_decimal-2/src/other/s21_round.c
FN:3,28,s21_round
FNDA:15,s21_round
FNF:1
FNH:1
DA:3,15
DA:5,15
DA:6,15
DA:8,15
DA:10,51
DA:11,39
DA:12,12
DA:13,12
DA:14,12
DA:15,27
DA:17,39
DA:18,39
DA:20,12
DA:22,12
DA:23,12
DA:25,12
DA:27,12
DA:28,15
LF:18
LH:18
end_of_record
TN:
SF:/Users/andro/Desktop/Code/school42/main_education/decimal/C5_s21_decimal-2/src/other/s21_truncate.c
FN:4,20,s21_truncate
FNDA:6,s21_truncate
FNF:1
FNH:1
DA:4,6
DA:5,6
DA:7,6
DA:9,43
DA:10,37
DA:11,37
DA:14,6
DA:15,6
DA:17,6
DA:19,6
DA:20,6
LF:11
LH:11
end_of_record
TN:
SF:/Users/andro/Desktop/Code/school42/main_education/decimal/C5_s21_decimal-2/src/tests/arithmetic_tests.c
FN:101,120,add_test_cringe_values_n6_fn
FN:1018,1037,div_test_normal_values_n2_fn
FN:1040,1059,div_test_normal_values_n3_fn
FN:1062,1080,div_test_normal_values_n4_fn
FN:1083,1101,div_test_normal_values_n5_fn
FN:1104,1122,div_test_normal_values_n6_fn
FN:1125,1143,div_test_normal_values_n7_fn
FN:1146,1164,div_test_normal_values_n8_fn
FN:1167,1185,div_test_normal_values_n9_fn
FN:1188,1206,div_test_normal_values_n10_fn
FN:1209,1227,div_test_normal_values_n11_fn
FN:123,142,add_test_cringe_values_n7_fn
FN:1230,1248,div_test_normal_values_n12_fn
FN:1251,1269,div_test_normal_values_n13_fn
FN:1272,1290,div_test_normal_values_n14_fn
FN:1293,1311,div_test_normal_values_n15_fn
FN:1314,1332,div_test_normal_values_n16_fn
FN:1335,1353,div_test_normal_values_n17_fn
FN:1356,1372,div_test_normal_values_n18_fn
FN:145,165,add_test_normal_values_n8_fn
FN:168,187,add_test_cringe_values_n9_fn
FN:190,209,add_test_cringe_values_n10_fn
FN:212,231,add_test_normal_values_n11_fn
FN:22,37,add_test_normal_values_n2_fn
FN:234,250,add_test_normal_values_n12_fn
FN:253,271,sub_test_cringe_values_n1_fn
FN:274,292,sub_test_cringe_values_n2_fn
FN:295,313,sub_test_cringe_values_n3_fn
FN:3,19,add_test_normal_values_n1_fn
FN:316,334,sub_test_cringe_values_n4_fn
FN:337,356,sub_test_cringe_values_n5_fn
FN:359,378,sub_test_normal_values_n6_fn
FN:381,399,sub_test_normal_values_n7_fn
FN:40,56,add_test_normal_values_n3_fn
FN:402,420,sub_test_normal_values_n8_fn
FN:423,441,sub_test_normal_values_n9_fn
FN:444,462,sub_test_normal_values_n10_fn
FN:465,483,sub_test_normal_values_n11_fn
FN:486,504,sub_test_normal_values_n12_fn
FN:507,525,sub_test_normal_values_n13_fn
FN:528,546,sub_test_normal_values_n14_fn
FN:549,570,sub_test_normal_values_n15_fn
FN:573,591,mul_test_normal_values_n1_fn
FN:59,76,add_test_normal_values_n4_fn
FN:594,612,mul_test_normal_values_n2_fn
FN:615,633,mul_test_normal_values_n3_fn
FN:636,654,mul_test_normal_values_n4_fn
FN:657,675,mul_test_normal_values_n5_fn
FN:678,696,mul_test_normal_values_n6_fn
FN:699,717,mul_test_normal_values_n7_fn
FN:720,738,mul_test_normal_values_n8_fn
FN:741,759,mul_test_normal_values_n9_fn
FN:762,780,mul_test_normal_values_n10_fn
FN:783,801,mul_test_normal_values_n11_fn
FN:79,98,add_test_normal_values_n5_fn
FN:804,822,mul_test_normal_values_n12_fn
FN:825,843,mul_test_normal_values_n13_fn
FN:846,864,mul_test_normal_values_n14_fn
FN:867,885,mul_test_normal_values_n15_fn
FN:888,906,mul_test_normal_values_n16_fn
FN:909,927,mul_test_normal_values_n17_fn
FN:930,948,mul_test_normal_values_n18_fn
FN:951,969,mul_test_normal_values_n19_fn
FN:972,993,mul_test_normal_values_n20_fn
FN:996,1015,div_test_normal_values_n1_fn
FNDA:1,add_test_cringe_values_n6_fn
FNDA:1,div_test_normal_values_n2_fn
FNDA:1,div_test_normal_values_n3_fn
FNDA:1,div_test_normal_values_n4_fn
FNDA:1,div_test_normal_values_n5_fn
FNDA:1,div_test_normal_values_n6_fn
FNDA:1,div_test_normal_values_n7_fn
FNDA:1,div_test_normal_values_n8_fn
FNDA:1,div_test_normal_values_n9_fn
FNDA:1,div_test_normal_values_n10_fn
FNDA:1,div_test_normal_values_n11_fn
FNDA:1,add_test_cringe_values_n7_fn
FNDA:1,div_test_normal_values_n12_fn
FNDA:1,div_test_normal_values_n13_fn
FNDA:1,div_test_normal_values_n14_fn
FNDA:1,div_test_normal_values_n15_fn
FNDA:1,div_test_normal_values_n16_fn
FNDA:1,div_test_normal_values_n17_fn
FNDA:1,div_test_normal_values_n18_fn
FNDA:1,add_test_normal_values_n8_fn
FNDA:1,add_test_cringe_values_n9_fn
FNDA:1,add_test_cringe_values_n10_fn
FNDA:1,add_test_normal_values_n11_fn
FNDA:1,add_test_normal_values_n2_fn
FNDA:1,add_test_normal_values_n12_fn
FNDA:1,sub_test_cringe_values_n1_fn
FNDA:1,sub_test_cringe_values_n2_fn
FNDA:1,sub_test_cringe_values_n3_fn
FNDA:1,add_test_normal_values_n1_fn
FNDA:1,sub_test_cringe_values_n4_fn
FNDA:1,sub_test_cringe_values_n5_fn
FNDA:1,sub_test_normal_values_n6_fn
FNDA:1,sub_test_normal_values_n7_fn
FNDA:1,add_test_normal_values_n3_fn
FNDA:1,sub_test_normal_values_n8_fn
FNDA:1,sub_test_normal_values_n9_fn
FNDA:1,sub_test_normal_values_n10_fn
FNDA:1,sub_test_normal_values_n11_fn
FNDA:1,sub_test_normal_values_n12_fn
FNDA:1,sub_test_normal_values_n13_fn
FNDA:1,sub_test_normal_values_n14_fn
FNDA:1,sub_test_normal_values_n15_fn
FNDA:1,mul_test_normal_values_n1_fn
FNDA:1,add_test_normal_values_n4_fn
FNDA:1,mul_test_normal_values_n2_fn
FNDA:1,mul_test_normal_values_n3_fn
FNDA:1,mul_test_normal_values_n4_fn
FNDA:1,mul_test_normal_values_n5_fn
FNDA:1,mul_test_normal_values_n6_fn
FNDA:1,mul_test_normal_values_n7_fn
FNDA:1,mul_test_normal_values_n8_fn
FNDA:1,mul_test_normal_values_n9_fn
FNDA:1,mul_test_normal_values_n10_fn
FNDA:1,mul_test_normal_values_n11_fn
FNDA:1,add_test_normal_values_n5_fn
FNDA:1,mul_test_normal_values_n12_fn
FNDA:1,mul_test_normal_values_n13_fn
FNDA:1,mul_test_normal_values_n14_fn
FNDA:1,mul_test_normal_values_n15_fn
FNDA:1,mul_test_normal_values_n16_fn
FNDA:1,mul_test_normal_values_n17_fn
FNDA:1,mul_test_normal_values_n18_fn
FNDA:1,mul_test_normal_values_n19_fn
FNDA:1,mul_test_normal_values_n20_fn
FNDA:1,div_test_normal_values_n1_fn
FNF:65
FNH:65
DA:3,1
DA:4,1
DA:5,1
DA:6,1
DA:7,1
DA:9,1
DA:11,1
DA:13,1
DA:14,1
DA:15,1
DA:16,1
DA:19,1
DA:22,1
DA:23,1
DA:24,1
DA:25,1
DA:26,1
DA:27,1
DA:28,1
DA:29,1
DA:31,1
DA:33,1
DA:34,1
DA:37,1
DA:40,1
DA:41,1
DA:42,1
DA:43,1
DA:44,1
DA:45,1
DA:46,1
DA:47,1
DA:49,1
DA:50,1
DA:51,1
DA:52,1
DA:53,1
DA:56,1
DA:59,1
DA:60,1
DA:61,1
DA:62,1
DA:63,1
DA:64,1
DA:65,1
DA:66,1
DA:68,1
DA:70,1
DA:71,1
DA:72,1
DA:73,1
DA:76,1
DA:79,1
DA:80,1
DA:81,1
DA:82,1
DA:83,1
DA:84,1
DA:85,1
DA:86,1
DA:88,1
DA:90,1
DA:91,1
DA:93,1
DA:94,1
DA:98,1
DA:101,1
DA:102,1
DA:103,1
DA:104,1
DA:105,1
DA:106,1
DA:107,1
DA:108,1
DA:110,1
DA:112,1
DA:113,1
DA:116,1
DA:120,1
DA:123,1
DA:124,1
DA:125,1
DA:126,1
DA:127,1
DA:128,1
DA:129,1
DA:130,1
DA:132,1
DA:134,1
DA:135,1
DA:138,1
DA:142,1
DA:145,1
DA:146,1
DA:147,1
DA:148,1
DA:149,1
DA:150,1
DA:151,1
DA:152,1
DA:154,1
DA:156,1
DA:157,1
DA:159,1
DA:160,1
DA:165,1
DA:168,1
DA:169,1
DA:170,1
DA:171,1
DA:172,1
DA:173,1
DA:174,1
DA:175,1
DA:177,1
DA:180,1
DA:183,1
DA:187,1
DA:190,1
DA:191,1
DA:192,1
DA:193,1
DA:194,1
DA:195,1
DA:196,1
DA:197,1
DA:199,1
DA:202,1
DA:205,1
DA:209,1
DA:212,1
DA:213,1
DA:214,1
DA:215,1
DA:216,1
DA:217,1
DA:218,1
DA:219,1
DA:221,1
DA:223,1
DA:224,1
DA:226,1
DA:227,1
DA:231,1
DA:234,1
DA:235,1
DA:236,1
DA:237,1
DA:238,1
DA:239,1
DA:240,1
DA:241,1
DA:243,1
DA:245,1
DA:246,1
DA:248,1
DA:249,1
DA:250,1
DA:253,1
DA:254,1
DA:255,1
DA:256,1
DA:257,1
DA:258,1
DA:259,1
DA:260,1
DA:262,1
DA:265,1
DA:268,1
DA:271,1
DA:274,1
DA:275,1
DA:276,1
DA:277,1
DA:278,1
DA:279,1
DA:280,1
DA:281,1
DA:283,1
DA:286,1
DA:289,1
DA:292,1
DA:295,1
DA:296,1
DA:297,1
DA:298,1
DA:299,1
DA:300,1
DA:301,1
DA:302,1
DA:304,1
DA:307,1
DA:310,1
DA:313,1
DA:316,1
DA:317,1
DA:318,1
DA:319,1
DA:320,1
DA:321,1
DA:322,1
DA:323,1
DA:325,1
DA:328,1
DA:331,1
DA:334,1
DA:337,1
DA:338,1
DA:339,1
DA:340,1
DA:341,1
DA:342,1
DA:343,1
DA:344,1
DA:346,1
DA:349,1
DA:352,1
DA:356,1
DA:359,1
DA:360,1
DA:361,1
DA:362,1
DA:363,1
DA:364,1
DA:365,1
DA:366,1
DA:368,1
DA:370,1
DA:371,1
DA:373,1
DA:374,1
DA:378,1
DA:381,1
DA:382,1
DA:383,1
DA:384,1
DA:385,1
DA:386,1
DA:387,1
DA:388,1
DA:390,1
DA:392,1
DA:393,1
DA:395,1
DA:396,1
DA:399,1
DA:402,1
DA:403,1
DA:404,1
DA:405,1
DA:406,1
DA:407,1
DA:408,1
DA:409,1
DA:411,1
DA:413,1
DA:414,1
DA:416,1
DA:417,1
DA:420,1
DA:423,1
DA:424,1
DA:425,1
DA:426,1
DA:427,1
DA:428,1
DA:429,1
DA:430,1
DA:432,1
DA:434,1
DA:435,1
DA:437,1
DA:438,1
DA:441,1
DA:444,1
DA:445,1
DA:446,1
DA:447,1
DA:448,1
DA:449,1
DA:450,1
DA:451,1
DA:453,1
DA:455,1
DA:456,1
DA:458,1
DA:459,1
DA:462,1
DA:465,1
DA:466,1
DA:467,1
DA:468,1
DA:469,1
DA:470,1
DA:471,1
DA:472,1
DA:474,1
DA:476,1
DA:477,1
DA:479,1
DA:480,1
DA:483,1
DA:486,1
DA:487,1
DA:488,1
DA:489,1
DA:490,1
DA:491,1
DA:492,1
DA:493,1
DA:495,1
DA:497,1
DA:498,1
DA:500,1
DA:501,1
DA:504,1
DA:507,1
DA:508,1
DA:509,1
DA:510,1
DA:511,1
DA:512,1
DA:513,1
DA:514,1
DA:516,1
DA:518,1
DA:519,1
DA:521,1
DA:522,1
DA:525,1
DA:528,1
DA:529,1
DA:530,1
DA:531,1
DA:532,1
DA:533,1
DA:534,1
DA:535,1
DA:537,1
DA:539,1
DA:540,1
DA:542,1
DA:543,1
DA:546,1
DA:549,1
DA:550,1
DA:551,1
DA:552,1
DA:553,1
DA:554,1
DA:555,1
DA:556,1
DA:558,1
DA:560,1
DA:561,1
DA:563,1
DA:564,1
DA:570,1
DA:573,1
DA:574,1
DA:575,1
DA:576,1
DA:577,1
DA:578,1
DA:579,1
DA:580,1
DA:582,1
DA:584,1
DA:585,1
DA:587,1
DA:588,1
DA:591,1
DA:594,1
DA:595,1
DA:596,1
DA:597,1
DA:598,1
DA:599,1
DA:600,1
DA:601,1
DA:603,1
DA:605,1
DA:606,1
DA:608,1
DA:609,1
DA:612,1
DA:615,1
DA:616,1
DA:617,1
DA:618,1
DA:619,1
DA:620,1
DA:621,1
DA:622,1
DA:624,1
DA:626,1
DA:627,1
DA:629,1
DA:630,1
DA:633,1
DA:636,1
DA:637,1
DA:638,1
DA:639,1
DA:640,1
DA:641,1
DA:642,1
DA:643,1
DA:645,1
DA:647,1
DA:648,1
DA:650,1
DA:651,1
DA:654,1
DA:657,1
DA:658,1
DA:659,1
DA:660,1
DA:661,1
DA:662,1
DA:663,1
DA:664,1
DA:666,1
DA:668,1
DA:669,1
DA:671,1
DA:672,1
DA:675,1
DA:678,1
DA:679,1
DA:680,1
DA:681,1
DA:682,1
DA:683,1
DA:684,1
DA:685,1
DA:687,1
DA:689,1
DA:690,1
DA:692,1
DA:693,1
DA:696,1
DA:699,1
DA:700,1
DA:701,1
DA:702,1
DA:703,1
DA:704,1
DA:705,1
DA:706,1
DA:708,1
DA:710,1
DA:711,1
DA:713,1
DA:714,1
DA:717,1
DA:720,1
DA:721,1
DA:722,1
DA:723,1
DA:724,1
DA:725,1
DA:726,1
DA:727,1
DA:729,1
DA:731,1
DA:732,1
DA:734,1
DA:735,1
DA:738,1
DA:741,1
DA:742,1
DA:743,1
DA:744,1
DA:745,1
DA:746,1
DA:747,1
DA:748,1
DA:750,1
DA:752,1
DA:753,1
DA:755,1
DA:756,1
DA:759,1
DA:762,1
DA:763,1
DA:764,1
DA:765,1
DA:766,1
DA:767,1
DA:768,1
DA:769,1
DA:771,1
DA:773,1
DA:774,1
DA:776,1
DA:777,1
DA:780,1
DA:783,1
DA:784,1
DA:785,1
DA:786,1
DA:787,1
DA:788,1
DA:789,1
DA:790,1
DA:792,1
DA:798,1
DA:801,1
DA:804,1
DA:805,1
DA:806,1
DA:807,1
DA:808,1
DA:809,1
DA:810,1
DA:811,1
DA:813,1
DA:819,1
DA:822,1
DA:825,1
DA:826,1
DA:827,1
DA:828,1
DA:829,1
DA:830,1
DA:831,1
DA:832,1
DA:834,1
DA:840,1
DA:843,1
DA:846,1
DA:847,1
DA:848,1
DA:849,1
DA:850,1
DA:851,1
DA:852,1
DA:853,1
DA:855,1
DA:857,1
DA:858,1
DA:860,1
DA:861,1
DA:864,1
DA:867,1
DA:868,1
DA:869,1
DA:870,1
DA:871,1
DA:872,1
DA:873,1
DA:874,1
DA:876,1
DA:878,1
DA:879,1
DA:881,1
DA:882,1
DA:885,1
DA:888,1
DA:889,1
DA:890,1
DA:891,1
DA:892,1
DA:893,1
DA:894,1
DA:895,1
DA:897,1
DA:899,1
DA:900,1
DA:902,1
DA:903,1
DA:906,1
DA:909,1
DA:910,1
DA:911,1
DA:912,1
DA:913,1
DA:914,1
DA:915,1
DA:916,1
DA:918,1
DA:920,1
DA:921,1
DA:923,1
DA:924,1
DA:927,1
DA:930,1
DA:931,1
DA:932,1
DA:933,1
DA:934,1
DA:935,1
DA:936,1
DA:937,1
DA:939,1
DA:941,1
DA:942,1
DA:944,1
DA:945,1
DA:948,1
DA:951,1
DA:952,1
DA:953,1
DA:954,1
DA:955,1
DA:956,1
DA:957,1
DA:958,1
DA:960,1
DA:962,1
DA:963,1
DA:965,1
DA:966,1
DA:969,1
DA:972,1
DA:973,1
DA:974,1
DA:975,1
DA:976,1
DA:977,1
DA:978,1
DA:979,1
DA:981,1
DA:983,1
DA:984,1
DA:986,1
DA:987,1
DA:993,1
DA:996,1
DA:997,1
DA:998,1
DA:999,1
DA:1000,1
DA:1001,1
DA:1002,1
DA:1003,1
DA:1005,1
DA:1007,1
DA:1008,1
DA:1010,1
DA:1011,1
DA:1015,1
DA:1018,1
DA:1019,1
DA:1020,1
DA:1021,1
DA:1022,1
DA:1023,1
DA:1024,1
DA:1025,1
DA:1027,1
DA:1029,1
DA:1030,1
DA:1032,1
DA:1033,1
DA:1037,1
DA:1040,1
DA:1041,1
DA:1042,1
DA:1043,1
DA:1044,1
DA:1045,1
DA:1046,1
DA:1047,1
DA:1049,1
DA:1051,1
DA:1052,1
DA:1054,1
DA:1055,1
DA:1059,1
DA:1062,1
DA:1063,1
DA:1064,1
DA:1065,1
DA:1066,1
DA:1067,1
DA:1068,1
DA:1069,1
DA:1071,1
DA:1073,1
DA:1074,1
DA:1076,1
DA:1077,1
DA:1080,1
DA:1083,1
DA:1084,1
DA:1085,1
DA:1086,1
DA:1087,1
DA:1088,1
DA:1089,1
DA:1090,1
DA:1092,1
DA:1094,1
DA:1095,1
DA:1097,1
DA:1098,1
DA:1101,1
DA:1104,1
DA:1105,1
DA:1106,1
DA:1107,1
DA:1108,1
DA:1109,1
DA:1110,1
DA:1111,1
DA:1113,1
DA:1115,1
DA:1116,1
DA:1118,1
DA:1119,1
DA:1122,1
DA:1125,1
DA:1126,1
DA:1127,1
DA:1128,1
DA:1129,1
DA:1130,1
DA:1131,1
DA:1132,1
DA:1134,1
DA:1136,1
DA:1137,1
DA:1139,1
DA:1140,1
DA:1143,1
DA:1146,1
DA:1147,1
DA:1148,1
DA:1149,1
DA:1150,1
DA:1151,1
DA:1152,1
DA:1153,1
DA:1155,1
DA:1157,1
DA:1158,1
DA:1160,1
DA:1161,1
DA:1164,1
DA:1167,1
DA:1168,1
DA:1169,1
DA:1170,1
DA:1171,1
DA:1172,1
DA:1173,1
DA:1174,1
DA:1176,1
DA:1178,1
DA:1179,1
DA:1181,1
DA:1182,1
DA:1185,1
DA:1188,1
DA:1189,1
DA:1190,1
DA:1191,1
DA:1192,1
DA:1193,1
DA:1194,1
DA:1195,1
DA:1197,1
DA:1199,1
DA:1200,1
DA:1202,1
DA:1203,1
DA:1206,1
DA:1209,1
DA:1210,1
DA:1211,1
DA:1212,1
DA:1213,1
DA:1214,1
DA:1215,1
DA:1216,1
DA:1218,1
DA:1220,1
DA:1221,1
DA:1223,1
DA:1224,1
DA:1227,1
DA:1230,1
DA:1231,1
DA:1232,1
DA:1233,1
DA:1234,1
DA:1235,1
DA:1236,1
DA:1237,1
DA:1239,1
DA:1241,1
DA:1242,1
DA:1244,1
DA:1245,1
DA:1248,1
DA:1251,1
DA:1252,1
DA:1253,1
DA:1254,1
DA:1255,1
DA:1256,1
DA:1257,1
DA:1258,1
DA:1260,1
DA:1262,1
DA:1263,1
DA:1265,1
DA:1266,1
DA:1269,1
DA:1272,1
DA:1273,1
DA:1274,1
DA:1275,1
DA:1276,1
DA:1277,1
DA:1278,1
DA:1279,1
DA:1281,1
DA:1283,1
DA:1284,1
DA:1286,1
DA:1287,1
DA:1290,1
DA:1293,1
DA:1294,1
DA:1295,1
DA:1296,1
DA:1297,1
DA:1298,1
DA:1299,1
DA:1300,1
DA:1302,1
DA:1304,1
DA:1305,1
DA:1307,1
DA:1308,1
DA:1311,1
DA:1314,1
DA:1315,1
DA:1316,1
DA:1317,1
DA:1318,1
DA:1319,1
DA:1320,1
DA:1321,1
DA:1323,1
DA:1325,1
DA:1326,1
DA:1328,1
DA:1329,1
DA:1332,1
DA:1335,1
DA:1336,1
DA:1337,1
DA:1338,1
DA:1339,1
DA:1340,1
DA:1341,1
DA:1342,1
DA:1344,1
DA:1346,1
DA:1347,1
DA:1349,1
DA:1350,1
DA:1353,1
DA:1356,1
DA:1357,1
DA:1358,1
DA:1359,1
DA:1360,1
DA:1361,1
DA:1362,1
DA:1363,1
DA:1365,1
DA:1367,1
DA:1368,1
DA:1370,1
DA:1371,1
DA:1372,1
LF:881
LH:881
end_of_record
TN:
SF:/Users/andro/Desktop/Code/school42/main_education/decimal/C5_s21_decimal-2/src/tests/comparison_tests.c
FN:101,106,not_equal_with_zero_false_fn
FN:109,116,not_equal_with_minus_zero_false_fn
FN:11,18,equal_with_minus_zero_true_fn
FN:119,126,not_equal_with_minus_zero_false_2_fn
FN:129,136,not_equal_default_false_fn
FN:139,146,not_equal_default_false_2_fn
FN:149,156,not_equal_default_false_3_fn
FN:159,166,not_equal_default_true_1_fn
FN:169,176,not_equal_default_true_2_fn
FN:179,186,not_equal_default_true_3_fn
FN:189,196,not_equal_with_sign_fn
FN:199,204,greater_with_zero_false_fn
FN:207,214,greater_with_minus_zero_false_fn
FN:21,28,equal_with_minus_zero_true_2_fn
FN:217,224,greater_with_minus_zero_false_2_fn
FN:227,234,greater_default_true_fn
FN:237,244,greater_default_true_2_fn
FN:247,254,greater_default_true_3_fn
FN:257,264,greater_default_false_fn
FN:267,274,greater_with_sign_false_fn
FN:277,284,greater_with_sign_true_fn
FN:287,292,less_with_zero_false_fn
FN:295,302,less_with_minus_zero_false_fn
FN:3,8,equal_with_zero_true_fn
FN:305,312,less_with_minus_zero_false_2_fn
FN:31,38,equal_default_true_fn
FN:315,322,less_default_true_fn
FN:325,332,less_default_true_2_fn
FN:335,342,less_default_true_3_fn
FN:345,352,less_default_false_fn
FN:355,362,less_with_sign_false_fn
FN:365,372,less_with_sign_true_fn
FN:375,380,greater_or_equal_with_zero_fn
FN:383,390,greater_or_equal_with_minus_zero_fn
FN:393,400,greater_or_equal_default_true_1_fn
FN:403,410,greater_or_equal_default_true_2_fn
FN:41,48,equal_default_true_2_fn
FN:413,420,greater_or_equal_default_true_3_fn
FN:423,430,greater_or_equal_default_true_4_fn
FN:433,440,greater_or_equal_default_false_fn
FN:443,450,greater_or_equal_with_sign_false_fn
FN:453,460,greater_or_equal_with_sign_true_fn
FN:463,468,less_or_equal_with_zero_fn
FN:471,478,less_or_equal_with_minus_zero_fn
FN:481,488,less_or_equal_default_true_1_fn
FN:491,498,less_or_equal_default_true_2_fn
FN:501,508,less_or_equal_default_true_3_fn
FN:51,58,equal_default_true_3_fn
FN:511,518,less_or_equal_default_true_4_fn
FN:521,528,less_or_equal_default_false_fn
FN:531,538,less_or_equal_with_sign_false_fn
FN:541,548,less_or_equal_with_sign_true_fn
FN:61,68,equal_default_false_1_fn
FN:71,78,equal_default_false_2_fn
FN:81,88,equal_default_false_3_fn
FN:91,98,equal_with_sign_fn
FNDA:1,not_equal_with_zero_false_fn
FNDA:1,not_equal_with_minus_zero_false_fn
FNDA:1,equal_with_minus_zero_true_fn
FNDA:1,not_equal_with_minus_zero_false_2_fn
FNDA:1,not_equal_default_false_fn
FNDA:1,not_equal_default_false_2_fn
FNDA:1,not_equal_default_false_3_fn
FNDA:1,not_equal_default_true_1_fn
FNDA:1,not_equal_default_true_2_fn
FNDA:1,not_equal_default_true_3_fn
FNDA:1,not_equal_with_sign_fn
FNDA:1,greater_with_zero_false_fn
FNDA:1,greater_with_minus_zero_false_fn
FNDA:1,equal_with_minus_zero_true_2_fn
FNDA:1,greater_with_minus_zero_false_2_fn
FNDA:1,greater_default_true_fn
FNDA:1,greater_default_true_2_fn
FNDA:1,greater_default_true_3_fn
FNDA:1,greater_default_false_fn
FNDA:1,greater_with_sign_false_fn
FNDA:1,greater_with_sign_true_fn
FNDA:1,less_with_zero_false_fn
FNDA:1,less_with_minus_zero_false_fn
FNDA:1,equal_with_zero_true_fn
FNDA:1,less_with_minus_zero_false_2_fn
FNDA:1,equal_default_true_fn
FNDA:1,less_default_true_fn
FNDA:1,less_default_true_2_fn
FNDA:1,less_default_true_3_fn
FNDA:1,less_default_false_fn
FNDA:1,less_with_sign_false_fn
FNDA:1,less_with_sign_true_fn
FNDA:1,greater_or_equal_with_zero_fn
FNDA:1,greater_or_equal_with_minus_zero_fn
FNDA:1,greater_or_equal_default_true_1_fn
FNDA:1,greater_or_equal_default_true_2_fn
FNDA:1,equal_default_true_2_fn
FNDA:1,greater_or_equal_default_true_3_fn
FNDA:1,greater_or_equal_default_true_4_fn
FNDA:1,greater_or_equal_default_false_fn
FNDA:1,greater_or_equal_with_sign_false_fn
FNDA:1,greater_or_equal_with_sign_true_fn
FNDA:1,less_or_equal_with_zero_fn
FNDA:1,less_or_equal_with_minus_zero_fn
FNDA:1,less_or_equal_default_true_1_fn
FNDA:1,less_or_equal_default_true_2_fn
FNDA:1,less_or_equal_default_true_3_fn
FNDA:1,equal_default_true_3_fn
FNDA:1,less_or_equal_default_true_4_fn
FNDA:1,less_or_equal_default_false_fn
FNDA:1,less_or_equal_with_sign_false_fn
FNDA:1,less_or_equal_with_sign_true_fn
FNDA:1,equal_default_false_1_fn
FNDA:1,equal_default_false_2_fn
FNDA:1,equal_default_false_3_fn
FNDA:1,equal_with_sign_fn
FNF:56
FNH:56
DA:3,1
DA:4,1
DA:5,1
DA:7,1
DA:8,1
DA:11,1
DA:12,1
DA:13,1
DA:14,1
DA:15,1
DA:17,1
DA:18,1
DA:21,1
DA:22,1
DA:23,1
DA:24,1
DA:25,1
DA:27,1
DA:28,1
DA:31,1
DA:32,1
DA:33,1
DA:34,1
DA:35,1
DA:37,1
DA:38,1
DA:41,1
DA:42,1
DA:43,1
DA:44,1
DA:45,1
DA:47,1
DA:48,1
DA:51,1
DA:52,1
DA:53,1
DA:54,1
DA:55,1
DA:57,1
DA:58,1
DA:61,1
DA:62,1
DA:63,1
DA:64,1
DA:65,1
DA:67,1
DA:68,1
DA:71,1
DA:72,1
DA:73,1
DA:74,1
DA:75,1
DA:77,1
DA:78,1
DA:81,1
DA:82,1
DA:83,1
DA:84,1
DA:85,1
DA:87,1
DA:88,1
DA:91,1
DA:92,1
DA:93,1
DA:94,1
DA:95,1
DA:97,1
DA:98,1
DA:101,1
DA:102,1
DA:103,1
DA:105,1
DA:106,1
DA:109,1
DA:110,1
DA:111,1
DA:112,1
DA:113,1
DA:115,1
DA:116,1
DA:119,1
DA:120,1
DA:121,1
DA:122,1
DA:123,1
DA:125,1
DA:126,1
DA:129,1
DA:130,1
DA:131,1
DA:132,1
DA:133,1
DA:135,1
DA:136,1
DA:139,1
DA:140,1
DA:141,1
DA:142,1
DA:143,1
DA:145,1
DA:146,1
DA:149,1
DA:150,1
DA:151,1
DA:152,1
DA:153,1
DA:155,1
DA:156,1
DA:159,1
DA:160,1
DA:161,1
DA:162,1
DA:163,1
DA:165,1
DA:166,1
DA:169,1
DA:170,1
DA:171,1
DA:172,1
DA:173,1
DA:175,1
DA:176,1
DA:179,1
DA:180,1
DA:181,1
DA:182,1
DA:183,1
DA:185,1
DA:186,1
DA:189,1
DA:190,1
DA:191,1
DA:192,1
DA:193,1
DA:195,1
DA:196,1
DA:199,1
DA:200,1
DA:201,1
DA:203,1
DA:204,1
DA:207,1
DA:208,1
DA:209,1
DA:210,1
DA:211,1
DA:213,1
DA:214,1
DA:217,1
DA:218,1
DA:219,1
DA:220,1
DA:221,1
DA:223,1
DA:224,1
DA:227,1
DA:228,1
DA:229,1
DA:230,1
DA:231,1
DA:233,1
DA:234,1
DA:237,1
DA:238,1
DA:239,1
DA:240,1
DA:241,1
DA:243,1
DA:244,1
DA:247,1
DA:248,1
DA:249,1
DA:250,1
DA:251,1
DA:253,1
DA:254,1
DA:257,1
DA:258,1
DA:259,1
DA:260,1
DA:261,1
DA:263,1
DA:264,1
DA:267,1
DA:268,1
DA:269,1
DA:270,1
DA:271,1
DA:273,1
DA:274,1
DA:277,1
DA:278,1
DA:279,1
DA:280,1
DA:281,1
DA:283,1
DA:284,1
DA:287,1
DA:288,1
DA:289,1
DA:291,1
DA:292,1
DA:295,1
DA:296,1
DA:297,1
DA:298,1
DA:299,1
DA:301,1
DA:302,1
DA:305,1
DA:306,1
DA:307,1
DA:308,1
DA:309,1
DA:311,1
DA:312,1
DA:315,1
DA:316,1
DA:317,1
DA:318,1
DA:319,1
DA:321,1
DA:322,1
DA:325,1
DA:326,1
DA:327,1
DA:328,1
DA:329,1
DA:331,1
DA:332,1
DA:335,1
DA:336,1
DA:337,1
DA:338,1
DA:339,1
DA:341,1
DA:342,1
DA:345,1
DA:346,1
DA:347,1
DA:348,1
DA:349,1
DA:351,1
DA:352,1
DA:355,1
DA:356,1
DA:357,1
DA:358,1
DA:359,1
DA:361,1
DA:362,1
DA:365,1
DA:366,1
DA:367,1
DA:368,1
DA:369,1
DA:371,1
DA:372,1
DA:375,1
DA:376,1
DA:377,1
DA:379,1
DA:380,1
DA:383,1
DA:384,1
DA:385,1
DA:386,1
DA:387,1
DA:389,1
DA:390,1
DA:393,1
DA:394,1
DA:395,1
DA:396,1
DA:397,1
DA:399,1
DA:400,1
DA:403,1
DA:404,1
DA:405,1
DA:406,1
DA:407,1
DA:409,1
DA:410,1
DA:413,1
DA:414,1
DA:415,1
DA:416,1
DA:417,1
DA:419,1
DA:420,1
DA:423,1
DA:424,1
DA:425,1
DA:426,1
DA:427,1
DA:429,1
DA:430,1
DA:433,1
DA:434,1
DA:435,1
DA:436,1
DA:437,1
DA:439,1
DA:440,1
DA:443,1
DA:444,1
DA:445,1
DA:446,1
DA:447,1
DA:449,1
DA:450,1
DA:453,1
DA:454,1
DA:455,1
DA:456,1
DA:457,1
DA:459,1
DA:460,1
DA:463,1
DA:464,1
DA:465,1
DA:467,1
DA:468,1
DA:471,1
DA:472,1
DA:473,1
DA:474,1
DA:475,1
DA:477,1
DA:478,1
DA:481,1
DA:482,1
DA:483,1
DA:484,1
DA:485,1
DA:487,1
DA:488,1
DA:491,1
DA:492,1
DA:493,1
DA:494,1
DA:495,1
DA:497,1
DA:498,1
DA:501,1
DA:502,1
DA:503,1
DA:504,1
DA:505,1
DA:507,1
DA:508,1
DA:511,1
DA:512,1
DA:513,1
DA:514,1
DA:515,1
DA:517,1
DA:518,1
DA:521,1
DA:522,1
DA:523,1
DA:524,1
DA:525,1
DA:527,1
DA:528,1
DA:531,1
DA:532,1
DA:533,1
DA:534,1
DA:535,1
DA:537,1
DA:538,1
DA:541,1
DA:542,1
DA:543,1
DA:544,1
DA:545,1
DA:547,1
DA:548,1
LF:380
LH:380
end_of_record
TN:
SF:/Users/andro/Desktop/Code/school42/main_education/decimal/C5_s21_decimal-2/src/tests/convertation_tests.c
FN:107,116,from_decimal_to_int_too_small_int_fn
FN:119,128,from_decimal_to_int_rounding_fn
FN:13,22,from_decimal_to_float_default_1_fn
FN:131,140,from_decimal_to_int_rounding_minus_fn
FN:143,159,from_float_to_decimal_default_fn
FN:162,178,from_float_to_decimal_default_2_fn
FN:181,197,from_float_to_decimal_default_3_fn
FN:200,216,from_float_to_decimal_default_minus_fn
FN:219,235,from_float_to_decimal_minus_scale_fn
FN:238,254,from_float_to_decimal_scale_fn
FN:25,34,from_decimal_to_float_default_2_fn
FN:257,273,from_int_to_decimal_zero_fn
FN:276,292,from_int_to_decimal_default_1_fn
FN:295,311,from_int_to_decimal_default_2_fn
FN:3,10,from_decimal_to_float_zero_fn
FN:314,330,from_int_to_decimal_minus_fn
FN:333,349,from_int_to_decimal_minus_2_fn
FN:352,368,from_int_to_decimal_too_big_fn
FN:37,46,from_decimal_to_float_default_minus_1_fn
FN:371,387,from_int_to_decimal_too_small_fn
FN:390,406,from_int_to_decimal_rounding_1_fn
FN:409,425,from_int_to_decimal_rounding_2_fn
FN:49,58,from_decimal_to_float_default_minus_2_fn
FN:61,68,from_decimal_to_int_zero_fn
FN:71,80,from_decimal_to_int_minus_fn
FN:83,92,from_decimal_to_int_default_fn
FN:95,104,from_decimal_to_int_too_big_int_fn
FNDA:1,from_decimal_to_int_too_small_int_fn
FNDA:1,from_decimal_to_int_rounding_fn
FNDA:1,from_decimal_to_float_default_1_fn
FNDA:1,from_decimal_to_int_rounding_minus_fn
FNDA:1,from_float_to_decimal_default_fn
FNDA:1,from_float_to_decimal_default_2_fn
FNDA:1,from_float_to_decimal_default_3_fn
FNDA:1,from_float_to_decimal_default_minus_fn
FNDA:1,from_float_to_decimal_minus_scale_fn
FNDA:1,from_float_to_decimal_scale_fn
FNDA:1,from_decimal_to_float_default_2_fn
FNDA:1,from_int_to_decimal_zero_fn
FNDA:1,from_int_to_decimal_default_1_fn
FNDA:1,from_int_to_decimal_default_2_fn
FNDA:1,from_decimal_to_float_zero_fn
FNDA:1,from_int_to_decimal_minus_fn
FNDA:1,from_int_to_decimal_minus_2_fn
FNDA:1,from_int_to_decimal_too_big_fn
FNDA:1,from_decimal_to_float_default_minus_1_fn
FNDA:1,from_int_to_decimal_too_small_fn
FNDA:1,from_int_to_decimal_rounding_1_fn
FNDA:1,from_int_to_decimal_rounding_2_fn
FNDA:1,from_decimal_to_float_default_minus_2_fn
FNDA:1,from_decimal_to_int_zero_fn
FNDA:1,from_decimal_to_int_minus_fn
FNDA:1,from_decimal_to_int_default_fn
FNDA:1,from_decimal_to_int_too_big_int_fn
FNF:27
FNH:27
DA:3,1
DA:4,1
DA:5,1
DA:6,1
DA:8,1
DA:9,1
DA:10,1
DA:13,1
DA:14,1
DA:15,1
DA:16,1
DA:18,1
DA:20,1
DA:21,1
DA:22,1
DA:25,1
DA:26,1
DA:27,1
DA:28,1
DA:30,1
DA:32,1
DA:33,1
DA:34,1
DA:37,1
DA:38,1
DA:39,1
DA:40,1
DA:42,1
DA:44,1
DA:45,1
DA:46,1
DA:49,1
DA:50,1
DA:51,1
DA:52,1
DA:54,1
DA:56,1
DA:57,1
DA:58,1
DA:61,1
DA:62,1
DA:63,1
DA:64,1
DA:66,1
DA:67,1
DA:68,1
DA:71,1
DA:72,1
DA:73,1
DA:74,1
DA:76,1
DA:78,1
DA:79,1
DA:80,1
DA:83,1
DA:84,1
DA:85,1
DA:86,1
DA:88,1
DA:90,1
DA:91,1
DA:92,1
DA:95,1
DA:96,1
DA:97,1
DA:98,1
DA:100,1
DA:102,1
DA:103,1
DA:104,1
DA:107,1
DA:108,1
DA:109,1
DA:110,1
DA:112,1
DA:114,1
DA:115,1
DA:116,1
DA:119,1
DA:120,1
DA:121,1
DA:122,1
DA:124,1
DA:126,1
DA:127,1
DA:128,1
DA:131,1
DA:132,1
DA:133,1
DA:134,1
DA:136,1
DA:138,1
DA:139,1
DA:140,1
DA:143,1
DA:144,1
DA:145,1
DA:146,1
DA:148,1
DA:149,1
DA:151,1
DA:153,1
DA:155,1
DA:156,1
DA:158,1
DA:159,1
DA:162,1
DA:163,1
DA:164,1
DA:165,1
DA:167,1
DA:168,1
DA:170,1
DA:172,1
DA:174,1
DA:175,1
DA:177,1
DA:178,1
DA:181,1
DA:182,1
DA:183,1
DA:184,1
DA:186,1
DA:187,1
DA:189,1
DA:191,1
DA:193,1
DA:194,1
DA:196,1
DA:197,1
DA:200,1
DA:201,1
DA:202,1
DA:203,1
DA:205,1
DA:206,1
DA:208,1
DA:210,1
DA:212,1
DA:213,1
DA:215,1
DA:216,1
DA:219,1
DA:220,1
DA:221,1
DA:222,1
DA:224,1
DA:225,1
DA:227,1
DA:229,1
DA:231,1
DA:232,1
DA:234,1
DA:235,1
DA:238,1
DA:239,1
DA:240,1
DA:241,1
DA:243,1
DA:244,1
DA:246,1
DA:248,1
DA:250,1
DA:251,1
DA:253,1
DA:254,1
DA:257,1
DA:258,1
DA:259,1
DA:260,1
DA:262,1
DA:263,1
DA:265,1
DA:267,1
DA:269,1
DA:270,1
DA:272,1
DA:273,1
DA:276,1
DA:277,1
DA:278,1
DA:279,1
DA:281,1
DA:282,1
DA:284,1
DA:286,1
DA:288,1
DA:289,1
DA:291,1
DA:292,1
DA:295,1
DA:296,1
DA:297,1
DA:298,1
DA:300,1
DA:301,1
DA:303,1
DA:305,1
DA:307,1
DA:308,1
DA:310,1
DA:311,1
DA:314,1
DA:315,1
DA:316,1
DA:317,1
DA:319,1
DA:320,1
DA:322,1
DA:324,1
DA:326,1
DA:327,1
DA:329,1
DA:330,1
DA:333,1
DA:334,1
DA:335,1
DA:336,1
DA:338,1
DA:339,1
DA:341,1
DA:343,1
DA:345,1
DA:346,1
DA:348,1
DA:349,1
DA:352,1
DA:353,1
DA:354,1
DA:355,1
DA:357,1
DA:358,1
DA:360,1
DA:362,1
DA:364,1
DA:365,1
DA:367,1
DA:368,1
DA:371,1
DA:372,1
DA:373,1
DA:374,1
DA:376,1
DA:377,1
DA:379,1
DA:381,1
DA:383,1
DA:384,1
DA:386,1
DA:387,1
DA:390,1
DA:391,1
DA:392,1
DA:393,1
DA:395,1
DA:396,1
DA:398,1
DA:400,1
DA:402,1
DA:403,1
DA:405,1
DA:406,1
DA:409,1
DA:410,1
DA:411,1
DA:412,1
DA:414,1
DA:415,1
DA:417,1
DA:419,1
DA:421,1
DA:422,1
DA:424,1
DA:425,1
LF:274
LH:274
end_of_record
TN:
SF:/Users/andro/Desktop/Code/school42/main_education/decimal/C5_s21_decimal-2/src/tests/main_tests.c
FN:143,223,comparison_test
FN:226,273,convertation_test
FN:276,285,main
FN:7,83,arithmetic_test
FN:86,140,other_test
FNDA:1,comparison_test
FNDA:1,convertation_test
FNDA:109,main
FNDA:66,arithmetic_test
FNDA:109,other_test
FNF:5
FNH:5
DA:7,66
DA:8,66
DA:9,66
DA:10,66
DA:13,66
DA:14,66
DA:15,66
DA:16,66
DA:17,66
DA:18,66
DA:19,66
DA:20,66
DA:21,66
DA:22,66
DA:23,66
DA:24,66
DA:25,66
DA:26,66
DA:27,66
DA:28,66
DA:29,66
DA:30,66
DA:31,66
DA:32,66
DA:33,66
DA:34,66
DA:35,66
DA:36,66
DA:37,66
DA:38,66
DA:39,66
DA:40,66
DA:41,66
DA:42,66
DA:43,66
DA:44,66
DA:45,66
DA:46,66
DA:47,66
DA:48,66
DA:49,66
DA:50,66
DA:51,66
DA:52,66
DA:53,66
DA:54,66
DA:55,66
DA:56,66
DA:57,66
DA:58,66
DA:59,66
DA:60,66
DA:61,66
DA:62,66
DA:63,66
DA:64,66
DA:65,66
DA:66,66
DA:67,66
DA:68,66
DA:69,66
DA:70,66
DA:71,66
DA:72,66
DA:73,66
DA:74,66
DA:75,66
DA:76,66
DA:77,66
DA:78,66
DA:80,66
DA:81,66
DA:82,66
DA:83,66
DA:86,109
DA:87,109
DA:88,109
DA:89,109
DA:92,109
DA:93,109
DA:94,109
DA:95,109
DA:96,109
DA:97,109
DA:98,109
DA:99,109
DA:100,109
DA:101,109
DA:102,109
DA:103,109
DA:104,109
DA:105,109
DA:106,109
DA:107,109
DA:108,109
DA:109,109
DA:110,109
DA:111,109
DA:112,109
DA:113,109
DA:114,109
DA:115,109
DA:116,109
DA:117,109
DA:118,109
DA:119,109
DA:120,109
DA:121,109
DA:122,109
DA:123,109
DA:124,109
DA:125,109
DA:126,109
DA:127,109
DA:128,109
DA:129,109
DA:130,109
DA:131,109
DA:132,109
DA:133,109
DA:134,109
DA:135,109
DA:136,109
DA:137,109
DA:138,109
DA:140,109
DA:143,1
DA:144,1
DA:145,1
DA:146,1
DA:147,1
DA:148,1
DA:149,1
DA:150,1
DA:151,1
DA:154,1
DA:156,1
DA:157,1
DA:158,1
DA:159,1
DA:160,1
DA:161,1
DA:162,1
DA:163,1
DA:164,1
DA:165,1
DA:166,1
DA:167,1
DA:168,1
DA:169,1
DA:170,1
DA:171,1
DA:172,1
DA:173,1
DA:174,1
DA:175,1
DA:176,1
DA:177,1
DA:178,1
DA:179,1
DA:180,1
DA:181,1
DA:182,1
DA:183,1
DA:184,1
DA:185,1
DA:186,1
DA:187,1
DA:188,1
DA:189,1
DA:190,1
DA:191,1
DA:192,1
DA:193,1
DA:194,1
DA:195,1
DA:196,1
DA:197,1
DA:198,1
DA:199,1
DA:200,1
DA:201,1
DA:202,1
DA:203,1
DA:204,1
DA:205,1
DA:206,1
DA:207,1
DA:208,1
DA:209,1
DA:210,1
DA:211,1
DA:212,1
DA:213,1
DA:214,1
DA:215,1
DA:216,1
DA:217,1
DA:219,1
DA:220,1
DA:221,1
DA:223,1
DA:226,1
DA:227,1
DA:228,1
DA:229,1
DA:230,1
DA:231,1
DA:232,1
DA:235,1
DA:237,1
DA:238,1
DA:239,1
DA:240,1
DA:241,1
DA:242,1
DA:243,1
DA:244,1
DA:245,1
DA:246,1
DA:247,1
DA:248,1
DA:249,1
DA:250,1
DA:251,1
DA:252,1
DA:253,1
DA:254,1
DA:255,1
DA:256,1
DA:257,1
DA:258,1
DA:259,1
DA:260,1
DA:261,1
DA:262,1
DA:263,1
DA:264,1
DA:265,1
DA:266,1
DA:267,1
DA:269,1
DA:270,1
DA:271,1
DA:273,1
DA:276,109
DA:277,109
DA:278,109
DA:279,109
DA:280,109
DA:281,109
DA:282,109
DA:283,109
DA:285,109
LF:254
LH:254
end_of_record
TN:
SF:/Users/andro/Desktop/Code/school42/main_education/decimal/C5_s21_decimal-2/src/tests/other_tests.c
FN:100,116,floor_normal_value_n6_fn
FN:119,135,floor_normal_value_n7_fn
FN:138,154,floor_normal_value_n8_fn
FN:157,173,floor_normal_value_n9_fn
FN:176,192,floor_normal_value_n10_fn
FN:195,211,floor_normal_value_n11_fn
FN:214,230,floor_normal_value_n12_fn
FN:233,251,floor_normal_value_n13_fn
FN:24,40,floor_normal_value_n2_fn
FN:254,271,floor_normal_value_n14_fn
FN:274,292,floor_normal_value_n15_fn
FN:295,311,round_normal_value_n1_fn
FN:314,330,round_normal_value_n2_fn
FN:333,349,round_normal_value_n3_fn
FN:352,368,round_normal_value_n4_fn
FN:371,387,round_normal_value_n5_fn
FN:390,406,round_normal_value_n6_fn
FN:409,425,round_normal_value_n7_fn
FN:428,444,round_normal_value_n8_fn
FN:43,59,floor_normal_value_n3_fn
FN:447,463,round_normal_value_n9_fn
FN:466,482,round_normal_value_n10_fn
FN:485,502,round_normal_value_n11_fn
FN:5,21,floor_normal_value_n1_fn
FN:505,522,round_normal_value_n12_fn
FN:525,542,round_normal_value_n13_fn
FN:545,562,round_normal_value_n14_fn
FN:565,583,round_normal_value_n15_fn
FN:586,603,negate_normal_value_n1_fn
FN:606,622,negate_normal_value_n2_fn
FN:62,78,floor_normal_value_n4_fn
FN:625,641,negate_normal_value_n3_fn
FN:644,660,negate_normal_value_n4_fn
FN:663,680,negate_normal_value_n5_fn
FN:683,700,negate_normal_value_n6_fn
FN:703,721,negate_normal_value_n7_fn
FN:724,740,truncate_normal_value_n1_fn
FN:743,759,truncate_normal_value_n2_fn
FN:762,778,truncate_normal_value_n3_fn
FN:781,797,truncate_normal_value_n4_fn
FN:800,816,truncate_normal_value_n5_fn
FN:81,97,floor_normal_value_n5_fn
FN:819,833,truncate_normal_value_n6_fn
FNDA:1,floor_normal_value_n6_fn
FNDA:1,floor_normal_value_n7_fn
FNDA:1,floor_normal_value_n8_fn
FNDA:1,floor_normal_value_n9_fn
FNDA:1,floor_normal_value_n10_fn
FNDA:1,floor_normal_value_n11_fn
FNDA:1,floor_normal_value_n12_fn
FNDA:1,floor_normal_value_n13_fn
FNDA:1,floor_normal_value_n2_fn
FNDA:1,floor_normal_value_n14_fn
FNDA:1,floor_normal_value_n15_fn
FNDA:1,round_normal_value_n1_fn
FNDA:1,round_normal_value_n2_fn
FNDA:1,round_normal_value_n3_fn
FNDA:1,round_normal_value_n4_fn
FNDA:1,round_normal_value_n5_fn
FNDA:1,round_normal_value_n6_fn
FNDA:1,round_normal_value_n7_fn
FNDA:1,round_normal_value_n8_fn
FNDA:1,floor_normal_value_n3_fn
FNDA:1,round_normal_value_n9_fn
FNDA:1,round_normal_value_n10_fn
FNDA:1,round_normal_value_n11_fn
FNDA:1,floor_normal_value_n1_fn
FNDA:1,round_normal_value_n12_fn
FNDA:1,round_normal_value_n13_fn
FNDA:1,round_normal_value_n14_fn
FNDA:1,round_normal_value_n15_fn
FNDA:1,negate_normal_value_n1_fn
FNDA:1,negate_normal_value_n2_fn
FNDA:1,floor_normal_value_n4_fn
FNDA:1,negate_normal_value_n3_fn
FNDA:1,negate_normal_value_n4_fn
FNDA:1,negate_normal_value_n5_fn
FNDA:1,negate_normal_value_n6_fn
FNDA:1,negate_normal_value_n7_fn
FNDA:1,truncate_normal_value_n1_fn
FNDA:1,truncate_normal_value_n2_fn
FNDA:1,truncate_normal_value_n3_fn
FNDA:1,truncate_normal_value_n4_fn
FNDA:1,truncate_normal_value_n5_fn
FNDA:1,floor_normal_value_n5_fn
FNDA:1,truncate_normal_value_n6_fn
FNF:43
FNH:43
DA:5,1
DA:6,1
DA:7,1
DA:8,1
DA:9,1
DA:10,1
DA:12,1
DA:14,1
DA:15,1
DA:17,1
DA:18,1
DA:21,1
DA:24,1
DA:25,1
DA:26,1
DA:27,1
DA:28,1
DA:29,1
DA:31,1
DA:33,1
DA:34,1
DA:36,1
DA:37,1
DA:40,1
DA:43,1
DA:44,1
DA:45,1
DA:46,1
DA:47,1
DA:48,1
DA:50,1
DA:52,1
DA:53,1
DA:55,1
DA:56,1
DA:59,1
DA:62,1
DA:63,1
DA:64,1
DA:65,1
DA:66,1
DA:67,1
DA:69,1
DA:71,1
DA:72,1
DA:74,1
DA:75,1
DA:78,1
DA:81,1
DA:82,1
DA:83,1
DA:84,1
DA:85,1
DA:86,1
DA:88,1
DA:90,1
DA:91,1
DA:93,1
DA:94,1
DA:97,1
DA:100,1
DA:101,1
DA:102,1
DA:103,1
DA:104,1
DA:105,1
DA:107,1
DA:109,1
DA:110,1
DA:112,1
DA:113,1
DA:116,1
DA:119,1
DA:120,1
DA:121,1
DA:122,1
DA:123,1
DA:124,1
DA:126,1
DA:128,1
DA:129,1
DA:131,1
DA:132,1
DA:135,1
DA:138,1
DA:139,1
DA:140,1
DA:141,1
DA:142,1
DA:143,1
DA:145,1
DA:147,1
DA:148,1
DA:150,1
DA:151,1
DA:154,1
DA:157,1
DA:158,1
DA:159,1
DA:160,1
DA:161,1
DA:162,1
DA:164,1
DA:166,1
DA:167,1
DA:169,1
DA:170,1
DA:173,1
DA:176,1
DA:177,1
DA:178,1
DA:179,1
DA:180,1
DA:181,1
DA:183,1
DA:185,1
DA:186,1
DA:188,1
DA:189,1
DA:192,1
DA:195,1
DA:196,1
DA:197,1
DA:198,1
DA:199,1
DA:200,1
DA:202,1
DA:204,1
DA:205,1
DA:207,1
DA:208,1
DA:211,1
DA:214,1
DA:215,1
DA:216,1
DA:217,1
DA:218,1
DA:219,1
DA:221,1
DA:223,1
DA:226,1
DA:227,1
DA:230,1
DA:233,1
DA:234,1
DA:235,1
DA:237,1
DA:238,1
DA:239,1
DA:242,1
DA:244,1
DA:247,1
DA:248,1
DA:251,1
DA:254,1
DA:255,1
DA:256,1
DA:257,1
DA:258,1
DA:259,1
DA:262,1
DA:264,1
DA:267,1
DA:268,1
DA:271,1
DA:274,1
DA:275,1
DA:276,1
DA:277,1
DA:278,1
DA:279,1
DA:282,1
DA:284,1
DA:287,1
DA:288,1
DA:292,1
DA:295,1
DA:296,1
DA:297,1
DA:298,1
DA:299,1
DA:300,1
DA:302,1
DA:304,1
DA:305,1
DA:307,1
DA:308,1
DA:311,1
DA:314,1
DA:315,1
DA:316,1
DA:317,1
DA:318,1
DA:319,1
DA:321,1
DA:323,1
DA:324,1
DA:326,1
DA:327,1
DA:330,1
DA:333,1
DA:334,1
DA:335,1
DA:336,1
DA:337,1
DA:338,1
DA:340,1
DA:342,1
DA:343,1
DA:345,1
DA:346,1
DA:349,1
DA:352,1
DA:353,1
DA:354,1
DA:355,1
DA:356,1
DA:357,1
DA:359,1
DA:361,1
DA:362,1
DA:364,1
DA:365,1
DA:368,1
DA:371,1
DA:372,1
DA:373,1
DA:374,1
DA:375,1
DA:376,1
DA:378,1
DA:380,1
DA:381,1
DA:383,1
DA:384,1
DA:387,1
DA:390,1
DA:391,1
DA:392,1
DA:393,1
DA:394,1
DA:395,1
DA:397,1
DA:399,1
DA:400,1
DA:402,1
DA:403,1
DA:406,1
DA:409,1
DA:410,1
DA:411,1
DA:412,1
DA:413,1
DA:414,1
DA:416,1
DA:418,1
DA:419,1
DA:421,1
DA:422,1
DA:425,1
DA:428,1
DA:429,1
DA:430,1
DA:431,1
DA:432,1
DA:433,1
DA:435,1
DA:437,1
DA:438,1
DA:440,1
DA:441,1
DA:444,1
DA:447,1
DA:448,1
DA:449,1
DA:450,1
DA:451,1
DA:452,1
DA:454,1
DA:456,1
DA:457,1
DA:459,1
DA:460,1
DA:463,1
DA:466,1
DA:467,1
DA:468,1
DA:469,1
DA:470,1
DA:471,1
DA:473,1
DA:475,1
DA:476,1
DA:478,1
DA:479,1
DA:482,1
DA:485,1
DA:486,1
DA:487,1
DA:488,1
DA:489,1
DA:490,1
DA:491,1
DA:493,1
DA:495,1
DA:496,1
DA:498,1
DA:499,1
DA:502,1
DA:505,1
DA:506,1
DA:507,1
DA:508,1
DA:509,1
DA:510,1
DA:511,1
DA:513,1
DA:515,1
DA:516,1
DA:518,1
DA:519,1
DA:522,1
DA:525,1
DA:526,1
DA:527,1
DA:528,1
DA:529,1
DA:530,1
DA:531,1
DA:533,1
DA:535,1
DA:536,1
DA:538,1
DA:539,1
DA:542,1
DA:545,1
DA:546,1
DA:547,1
DA:548,1
DA:549,1
DA:550,1
DA:551,1
DA:553,1
DA:555,1
DA:556,1
DA:558,1
DA:559,1
DA:562,1
DA:565,1
DA:566,1
DA:567,1
DA:568,1
DA:569,1
DA:570,1
DA:571,1
DA:573,1
DA:575,1
DA:576,1
DA:578,1
DA:579,1
DA:583,1
DA:586,1
DA:587,1
DA:588,1
DA:589,1
DA:590,1
DA:591,1
DA:592,1
DA:594,1
DA:596,1
DA:597,1
DA:599,1
DA:600,1
DA:603,1
DA:606,1
DA:607,1
DA:608,1
DA:609,1
DA:610,1
DA:611,1
DA:613,1
DA:615,1
DA:616,1
DA:618,1
DA:619,1
DA:622,1
DA:625,1
DA:626,1
DA:627,1
DA:628,1
DA:629,1
DA:630,1
DA:632,1
DA:634,1
DA:635,1
DA:637,1
DA:638,1
DA:641,1
DA:644,1
DA:645,1
DA:646,1
DA:647,1
DA:648,1
DA:649,1
DA:651,1
DA:653,1
DA:654,1
DA:656,1
DA:657,1
DA:660,1
DA:663,1
DA:664,1
DA:665,1
DA:666,1
DA:667,1
DA:668,1
DA:669,1
DA:671,1
DA:673,1
DA:674,1
DA:676,1
DA:677,1
DA:680,1
DA:683,1
DA:684,1
DA:685,1
DA:686,1
DA:687,1
DA:688,1
DA:689,1
DA:691,1
DA:693,1
DA:694,1
DA:696,1
DA:697,1
DA:700,1
DA:703,1
DA:704,1
DA:705,1
DA:706,1
DA:707,1
DA:708,1
DA:709,1
DA:711,1
DA:713,1
DA:716,1
DA:717,1
DA:721,1
DA:724,1
DA:725,1
DA:726,1
DA:727,1
DA:728,1
DA:729,1
DA:731,1
DA:733,1
DA:734,1
DA:736,1
DA:737,1
DA:740,1
DA:743,1
DA:744,1
DA:745,1
DA:746,1
DA:747,1
DA:748,1
DA:750,1
DA:752,1
DA:753,1
DA:755,1
DA:756,1
DA:759,1
DA:762,1
DA:763,1
DA:764,1
DA:765,1
DA:766,1
DA:767,1
DA:769,1
DA:771,1
DA:772,1
DA:774,1
DA:775,1
DA:778,1
DA:781,1
DA:782,1
DA:783,1
DA:784,1
DA:785,1
DA:786,1
DA:788,1
DA:790,1
DA:791,1
DA:793,1
DA:794,1
DA:797,1
DA:800,1
DA:801,1
DA:802,1
DA:803,1
DA:804,1
DA:805,1
DA:807,1
DA:809,1
DA:810,1
DA:812,1
DA:813,1
DA:816,1
DA:819,1
DA:820,1
DA:821,1
DA:822,1
DA:823,1
DA:824,1
DA:826,1
DA:828,1
DA:829,1
DA:831,1
DA:832,1
DA:833,1
LF:520
LH:520
end_of_record
